生成启动时间为 2018/8/6 11:38:01。
     1>项目“C:\myProjects\Project_VS2013\LearnOpenGL\Project\LearnOpenGL\LearnOpenGL\LearnOpenGL.vcxproj”在节点 2 上(Build 个目标)。
     1>ClCompile:
         C:\Program Files (x86)\Microsoft Visual Studio 12.0\VC\bin\CL.exe /c /ZI /nologo /W3 /WX- /sdl /Od /Oy- /D _MBCS /Gm /EHsc /RTC1 /MD /GS /fp:precise /Zc:wchar_t /Zc:forScope /Fo"Debug\\" /Fd"Debug\vc120.pdb" /Gd /TP /analyze- /errorReport:prompt src\CameraTest.cpp
         CameraTest.cpp
       Link:
         C:\Program Files (x86)\Microsoft Visual Studio 12.0\VC\bin\link.exe /ERRORREPORT:PROMPT /OUT:"C:\myProjects\Project_VS2013\LearnOpenGL\Project\LearnOpenGL\Debug\LearnOpenGL.exe" /INCREMENTAL /NOLOGO glew32.lib glfw3.lib opengl32.lib kernel32.lib user32.lib gdi32.lib winspool.lib comdlg32.lib advapi32.lib shell32.lib ole32.lib oleaut32.lib uuid.lib odbc32.lib odbccp32.lib /MANIFEST /MANIFESTUAC:"level='asInvoker' uiAccess='false'" /manifest:embed /DEBUG /PDB:"C:\myProjects\Project_VS2013\LearnOpenGL\Project\LearnOpenGL\Debug\LearnOpenGL.pdb" /TLBID:1 /DYNAMICBASE /NXCOMPAT /IMPLIB:"C:\myProjects\Project_VS2013\LearnOpenGL\Project\LearnOpenGL\Debug\LearnOpenGL.lib" /MACHINE:X86 Debug\main.obj
         Debug\CameraTest.obj
         Debug\CoordinateSystem.obj
         Debug\Shader.obj
         Debug\ShaderFile.obj
         LearnOpenGL.vcxproj -> C:\myProjects\Project_VS2013\LearnOpenGL\Project\LearnOpenGL\Debug\LearnOpenGL.exe
       PostBuildEvent:
         copy "C:\myProjects\Project_VS2013\LearnOpenGL\Project\LearnOpenGL\..\..\bin\*.dll" "C:\myProjects\Project_VS2013\LearnOpenGL\Project\LearnOpenGL\Debug\"
         :VCEnd
         C:\myProjects\Project_VS2013\LearnOpenGL\Project\LearnOpenGL\..\..\bin\glew32.dll
         C:\myProjects\Project_VS2013\LearnOpenGL\Project\LearnOpenGL\..\..\bin\glfw3.dll
         已复制         2 个文件。
     1>已完成生成项目“C:\myProjects\Project_VS2013\LearnOpenGL\Project\LearnOpenGL\LearnOpenGL\LearnOpenGL.vcxproj”(Build 个目标)的操作。

生成成功。

已用时间 00:00:01.50
